0 info it worked if it ends with ok
1 verbose cli [ 'C:\\Program Files\\node\\node.exe',
1 verbose cli   'C:\\Program Files\\node\\node_modules\\npm\\bin\\npm-cli.js',
1 verbose cli   'run',
1 verbose cli   'start' ]
2 info using npm@3.10.9
3 info using node@v6.9.2
4 verbose run-script [ 'prestart', 'start', 'poststart' ]
5 info lifecycle cafeoctane@1.0.0~prestart: cafeoctane@1.0.0
6 silly lifecycle cafeoctane@1.0.0~prestart: no script for prestart, continuing
7 info lifecycle cafeoctane@1.0.0~start: cafeoctane@1.0.0
8 verbose lifecycle cafeoctane@1.0.0~start: unsafe-perm in lifecycle true
9 verbose lifecycle cafeoctane@1.0.0~start: PATH: C:\Program Files\node\node_modules\npm\bin\node-gyp-bin;C:\git_tom\cafe_octane\cafeoctane\node_modules\.bin;Y:\bin;C:\Program Files\Git\mingw64\bin;C:\Program Files\Git\usr\local\bin;C:\Program Files\Git\usr\bin;C:\Program Files\Git\usr\bin;C:\Program Files\Git\mingw64\bin;C:\Program Files\Git\usr\bin;Y:\bin;C:\Program Files (x86)\Common Files\Oracle\Java\javapath;C:\ProgramData\Oracle\Java\javapath;C:\WINDOWS\system32;C:\WINDOWS;C:\WINDOWS\System32\Wbem;C:\WINDOWS\System32\WindowsPowerShell\v1.0;C:\Program Files\7-Zip;C:\Program Files\Adobe\Adobe PDF iFilter 11 for 64-bit platforms\bin;C:\Program Files (x86)\AccuRev\bin;C:\Program Files (x86)\Microsoft SQL Server\110\Tools\Binn\ManagementStudio;C:\Program Files (x86)\Microsoft SQL Server\110\Tools\Binn;C:\Program Files\Microsoft SQL Server\110\Tools\Binn;C:\Program Files (x86)\Microsoft Visual Studio 10.0\Common7\IDE\PrivateAssemblies;C:\Program Files (x86)\Microsoft SQL Server\110\DTS\Binn;C:\Program Files\dotnet;C:\Program Files\Microsoft SQL Server\130\Tools\Binn;C:\Program Files\Java\jdk1.8.0_161\bin;C:\Users\tjorda33\development\apache-maven-3.5.2\bin;C:\Users\tjorda33\development\apache-maven-3.5.2\bin;C:\Program Files\Git\cmd;C:\Program Files (x86)\WebEx\Productivity Tools;C:\Program Files\Amazon\AWSCLI;C:\Users\tjorda33\AppData\Roaming\npm;C:\Users\tjorda33\AppData\Local\Programs\Fiddler;C:\Program Files\node;C:\Users\tjorda33\AppData\Local\Programs\Python\Python36\Scripts;C:\Users\tjorda33\AppData\Local\GitHubDesktop\bin;C:\Program Files\Git\usr\bin\vendor_perl;C:\Program Files\Git\usr\bin\core_perl
10 verbose lifecycle cafeoctane@1.0.0~start: CWD: C:\git_tom\cafe_octane\cafeoctane
11 silly lifecycle cafeoctane@1.0.0~start: Args: [ '/d /s /c',
11 silly lifecycle   'nodemon --exec babel-node server.js --ignore public' ]
12 verbose stack Error: kill ENOSYS
12 verbose stack     at exports._errnoException (util.js:1022:11)
12 verbose stack     at process.kill (internal/process.js:172:13)
12 verbose stack     at process.listener (C:\Program Files\node\node_modules\npm\node_modules\npmlog\node_modules\gauge\node_modules\signal-exit\index.js:86:15)
12 verbose stack     at emitNone (events.js:91:20)
12 verbose stack     at process.emit (events.js:185:7)
12 verbose stack     at processEmit (C:\Program Files\node\node_modules\npm\node_modules\npmlog\node_modules\gauge\node_modules\signal-exit\index.js:146:32)
12 verbose stack     at processEmit (C:\Program Files\node\node_modules\npm\node_modules\npm-registry-client\node_modules\npmlog\node_modules\gauge\node_modules\signal-exit\index.js:146:32)
12 verbose stack     at Signal.wrap.onsignal (internal/process.js:199:44)
13 verbose cwd C:\git_tom\cafe_octane\cafeoctane
14 error Windows_NT 10.0.10240
15 error argv "C:\\Program Files\\node\\node.exe" "C:\\Program Files\\node\\node_modules\\npm\\bin\\npm-cli.js" "run" "start"
16 error node v6.9.2
17 error npm  v3.10.9
18 error code ENOSYS
19 error errno ENOSYS
20 error syscall kill
21 error kill ENOSYS
22 error If you need help, you may report this error at:
22 error     <https://github.com/npm/npm/issues>
23 verbose exit [ 1, true ]
